  main.cpp
sfml-graphics-s-d.lib(BlendMode.cpp.obj) : warning LNK4099: "vc140.pdb" PDB не найден с "sfml-graphics-s-d.lib(BlendMode.cpp.obj)" или на "c:\users\макс\documents\visual studio 2015\Projects\PrincessPeach\x64\Debug\vc140.pdb"; компоновка объекта выполняется как при отсутствии отладочных данных
sfml-graphics-s-d.lib(Color.cpp.obj) : warning LNK4099: "vc140.pdb" PDB не найден с "sfml-graphics-s-d.lib(Color.cpp.obj)" или на "c:\users\макс\documents\visual studio 2015\Projects\PrincessPeach\x64\Debug\vc140.pdb"; компоновка объекта выполняется как при отсутствии отладочных данных
sfml-graphics-s-d.lib(GLCheck.cpp.obj) : warning LNK4099: "vc140.pdb" PDB не найден с "sfml-graphics-s-d.lib(GLCheck.cpp.obj)" или на "c:\users\макс\documents\visual studio 2015\Projects\PrincessPeach\x64\Debug\vc140.pdb"; компоновка объекта выполняется как при отсутствии отладочных данных
sfml-graphics-s-d.lib(GLExtensions.cpp.obj) : warning LNK4099: "vc140.pdb" PDB не найден с "sfml-graphics-s-d.lib(GLExtensions.cpp.obj)" или на "c:\users\макс\documents\visual studio 2015\Projects\PrincessPeach\x64\Debug\vc140.pdb"; компоновка объекта выполняется как при отсутствии отладочных данных
sfml-graphics-s-d.lib(Image.cpp.obj) : warning LNK4099: "vc140.pdb" PDB не найден с "sfml-graphics-s-d.lib(Image.cpp.obj)" или на "c:\users\макс\documents\visual studio 2015\Projects\PrincessPeach\x64\Debug\vc140.pdb"; компоновка объекта выполняется как при отсутствии отладочных данных
sfml-graphics-s-d.lib(ImageLoader.cpp.obj) : warning LNK4099: "vc140.pdb" PDB не найден с "sfml-graphics-s-d.lib(ImageLoader.cpp.obj)" или на "c:\users\макс\documents\visual studio 2015\Projects\PrincessPeach\x64\Debug\vc140.pdb"; компоновка объекта выполняется как при отсутствии отладочных данных
sfml-graphics-s-d.lib(RenderStates.cpp.obj) : warning LNK4099: "vc140.pdb" PDB не найден с "sfml-graphics-s-d.lib(RenderStates.cpp.obj)" или на "c:\users\макс\documents\visual studio 2015\Projects\PrincessPeach\x64\Debug\vc140.pdb"; компоновка объекта выполняется как при отсутствии отладочных данных
sfml-graphics-s-d.lib(RenderTarget.cpp.obj) : warning LNK4099: "vc140.pdb" PDB не найден с "sfml-graphics-s-d.lib(RenderTarget.cpp.obj)" или на "c:\users\макс\documents\visual studio 2015\Projects\PrincessPeach\x64\Debug\vc140.pdb"; компоновка объекта выполняется как при отсутствии отладочных данных
sfml-graphics-s-d.lib(RenderWindow.cpp.obj) : warning LNK4099: "vc140.pdb" PDB не найден с "sfml-graphics-s-d.lib(RenderWindow.cpp.obj)" или на "c:\users\макс\documents\visual studio 2015\Projects\PrincessPeach\x64\Debug\vc140.pdb"; компоновка объекта выполняется как при отсутствии отладочных данных
sfml-graphics-s-d.lib(Shader.cpp.obj) : warning LNK4099: "vc140.pdb" PDB не найден с "sfml-graphics-s-d.lib(Shader.cpp.obj)" или на "c:\users\макс\documents\visual studio 2015\Projects\PrincessPeach\x64\Debug\vc140.pdb"; компоновка объекта выполняется как при отсутствии отладочных данных
sfml-graphics-s-d.lib(Texture.cpp.obj) : warning LNK4099: "vc140.pdb" PDB не найден с "sfml-graphics-s-d.lib(Texture.cpp.obj)" или на "c:\users\макс\documents\visual studio 2015\Projects\PrincessPeach\x64\Debug\vc140.pdb"; компоновка объекта выполняется как при отсутствии отладочных данных
sfml-graphics-s-d.lib(TextureSaver.cpp.obj) : warning LNK4099: "vc140.pdb" PDB не найден с "sfml-graphics-s-d.lib(TextureSaver.cpp.obj)" или на "c:\users\макс\documents\visual studio 2015\Projects\PrincessPeach\x64\Debug\vc140.pdb"; компоновка объекта выполняется как при отсутствии отладочных данных
sfml-graphics-s-d.lib(Transform.cpp.obj) : warning LNK4099: "vc140.pdb" PDB не найден с "sfml-graphics-s-d.lib(Transform.cpp.obj)" или на "c:\users\макс\documents\visual studio 2015\Projects\PrincessPeach\x64\Debug\vc140.pdb"; компоновка объекта выполняется как при отсутствии отладочных данных
sfml-graphics-s-d.lib(Transformable.cpp.obj) : warning LNK4099: "vc140.pdb" PDB не найден с "sfml-graphics-s-d.lib(Transformable.cpp.obj)" или на "c:\users\макс\documents\visual studio 2015\Projects\PrincessPeach\x64\Debug\vc140.pdb"; компоновка объекта выполняется как при отсутствии отладочных данных
sfml-graphics-s-d.lib(View.cpp.obj) : warning LNK4099: "vc140.pdb" PDB не найден с "sfml-graphics-s-d.lib(View.cpp.obj)" или на "c:\users\макс\documents\visual studio 2015\Projects\PrincessPeach\x64\Debug\vc140.pdb"; компоновка объекта выполняется как при отсутствии отладочных данных
sfml-graphics-s-d.lib(Vertex.cpp.obj) : warning LNK4099: "vc140.pdb" PDB не найден с "sfml-graphics-s-d.lib(Vertex.cpp.obj)" или на "c:\users\макс\documents\visual studio 2015\Projects\PrincessPeach\x64\Debug\vc140.pdb"; компоновка объекта выполняется как при отсутствии отладочных данных
sfml-graphics-s-d.lib(GLLoader.cpp.obj) : warning LNK4099: "vc140.pdb" PDB не найден с "sfml-graphics-s-d.lib(GLLoader.cpp.obj)" или на "c:\users\макс\documents\visual studio 2015\Projects\PrincessPeach\x64\Debug\vc140.pdb"; компоновка объекта выполняется как при отсутствии отладочных данных
sfml-graphics-s-d.lib(Shape.cpp.obj) : warning LNK4099: "vc140.pdb" PDB не найден с "sfml-graphics-s-d.lib(Shape.cpp.obj)" или на "c:\users\макс\documents\visual studio 2015\Projects\PrincessPeach\x64\Debug\vc140.pdb"; компоновка объекта выполняется как при отсутствии отладочных данных
sfml-graphics-s-d.lib(CircleShape.cpp.obj) : warning LNK4099: "vc140.pdb" PDB не найден с "sfml-graphics-s-d.lib(CircleShape.cpp.obj)" или на "c:\users\макс\documents\visual studio 2015\Projects\PrincessPeach\x64\Debug\vc140.pdb"; компоновка объекта выполняется как при отсутствии отладочных данных
sfml-graphics-s-d.lib(VertexArray.cpp.obj) : warning LNK4099: "vc140.pdb" PDB не найден с "sfml-graphics-s-d.lib(VertexArray.cpp.obj)" или на "c:\users\макс\documents\visual studio 2015\Projects\PrincessPeach\x64\Debug\vc140.pdb"; компоновка объекта выполняется как при отсутствии отладочных данных
sfml-window-s-d.lib(Context.cpp.obj) : warning LNK4099: "vc140.pdb" PDB не найден с "sfml-window-s-d.lib(Context.cpp.obj)" или на "c:\users\макс\documents\visual studio 2015\Projects\PrincessPeach\x64\Debug\vc140.pdb"; компоновка объекта выполняется как при отсутствии отладочных данных
sfml-window-s-d.lib(GlContext.cpp.obj) : warning LNK4099: "vc140.pdb" PDB не найден с "sfml-window-s-d.lib(GlContext.cpp.obj)" или на "c:\users\макс\documents\visual studio 2015\Projects\PrincessPeach\x64\Debug\vc140.pdb"; компоновка объекта выполняется как при отсутствии отладочных данных
sfml-window-s-d.lib(GlResource.cpp.obj) : warning LNK4099: "vc140.pdb" PDB не найден с "sfml-window-s-d.lib(GlResource.cpp.obj)" или на "c:\users\макс\documents\visual studio 2015\Projects\PrincessPeach\x64\Debug\vc140.pdb"; компоновка объекта выполняется как при отсутствии отладочных данных
sfml-window-s-d.lib(Joystick.cpp.obj) : warning LNK4099: "vc140.pdb" PDB не найден с "sfml-window-s-d.lib(Joystick.cpp.obj)" или на "c:\users\макс\documents\visual studio 2015\Projects\PrincessPeach\x64\Debug\vc140.pdb"; компоновка объекта выполняется как при отсутствии отладочных данных
sfml-window-s-d.lib(JoystickManager.cpp.obj) : warning LNK4099: "vc140.pdb" PDB не найден с "sfml-window-s-d.lib(JoystickManager.cpp.obj)" или на "c:\users\макс\documents\visual studio 2015\Projects\PrincessPeach\x64\Debug\vc140.pdb"; компоновка объекта выполняется как при отсутствии отладочных данных
sfml-window-s-d.lib(SensorManager.cpp.obj) : warning LNK4099: "vc140.pdb" PDB не найден с "sfml-window-s-d.lib(SensorManager.cpp.obj)" или на "c:\users\макс\documents\visual studio 2015\Projects\PrincessPeach\x64\Debug\vc140.pdb"; компоновка объекта выполняется как при отсутствии отладочных данных
sfml-window-s-d.lib(VideoMode.cpp.obj) : warning LNK4099: "vc140.pdb" PDB не найден с "sfml-window-s-d.lib(VideoMode.cpp.obj)" или на "c:\users\макс\documents\visual studio 2015\Projects\PrincessPeach\x64\Debug\vc140.pdb"; компоновка объекта выполняется как при отсутствии отладочных данных
sfml-window-s-d.lib(Window.cpp.obj) : warning LNK4099: "vc140.pdb" PDB не найден с "sfml-window-s-d.lib(Window.cpp.obj)" или на "c:\users\макс\documents\visual studio 2015\Projects\PrincessPeach\x64\Debug\vc140.pdb"; компоновка объекта выполняется как при отсутствии отладочных данных
sfml-window-s-d.lib(WindowImpl.cpp.obj) : warning LNK4099: "vc140.pdb" PDB не найден с "sfml-window-s-d.lib(WindowImpl.cpp.obj)" или на "c:\users\макс\documents\visual studio 2015\Projects\PrincessPeach\x64\Debug\vc140.pdb"; компоновка объекта выполняется как при отсутствии отладочных данных
sfml-window-s-d.lib(WglContext.cpp.obj) : warning LNK4099: "vc140.pdb" PDB не найден с "sfml-window-s-d.lib(WglContext.cpp.obj)" или на "c:\users\макс\documents\visual studio 2015\Projects\PrincessPeach\x64\Debug\vc140.pdb"; компоновка объекта выполняется как при отсутствии отладочных данных
sfml-window-s-d.lib(WglExtensions.cpp.obj) : warning LNK4099: "vc140.pdb" PDB не найден с "sfml-window-s-d.lib(WglExtensions.cpp.obj)" или на "c:\users\макс\documents\visual studio 2015\Projects\PrincessPeach\x64\Debug\vc140.pdb"; компоновка объекта выполняется как при отсутствии отладочных данных
sfml-window-s-d.lib(JoystickImpl.cpp.obj) : warning LNK4099: "vc140.pdb" PDB не найден с "sfml-window-s-d.lib(JoystickImpl.cpp.obj)" или на "c:\users\макс\documents\visual studio 2015\Projects\PrincessPeach\x64\Debug\vc140.pdb"; компоновка объекта выполняется как при отсутствии отладочных данных
sfml-window-s-d.lib(SensorImpl.cpp.obj) : warning LNK4099: "vc140.pdb" PDB не найден с "sfml-window-s-d.lib(SensorImpl.cpp.obj)" или на "c:\users\макс\documents\visual studio 2015\Projects\PrincessPeach\x64\Debug\vc140.pdb"; компоновка объекта выполняется как при отсутствии отладочных данных
sfml-window-s-d.lib(VideoModeImpl.cpp.obj) : warning LNK4099: "vc140.pdb" PDB не найден с "sfml-window-s-d.lib(VideoModeImpl.cpp.obj)" или на "c:\users\макс\documents\visual studio 2015\Projects\PrincessPeach\x64\Debug\vc140.pdb"; компоновка объекта выполняется как при отсутствии отладочных данных
sfml-window-s-d.lib(WindowImplWin32.cpp.obj) : warning LNK4099: "vc140.pdb" PDB не найден с "sfml-window-s-d.lib(WindowImplWin32.cpp.obj)" или на "c:\users\макс\documents\visual studio 2015\Projects\PrincessPeach\x64\Debug\vc140.pdb"; компоновка объекта выполняется как при отсутствии отладочных данных
sfml-system-s-d.lib(Clock.cpp.obj) : warning LNK4099: "vc140.pdb" PDB не найден с "sfml-system-s-d.lib(Clock.cpp.obj)" или на "c:\users\макс\documents\visual studio 2015\Projects\PrincessPeach\x64\Debug\vc140.pdb"; компоновка объекта выполняется как при отсутствии отладочных данных
sfml-system-s-d.lib(Err.cpp.obj) : warning LNK4099: "vc140.pdb" PDB не найден с "sfml-system-s-d.lib(Err.cpp.obj)" или на "c:\users\макс\documents\visual studio 2015\Projects\PrincessPeach\x64\Debug\vc140.pdb"; компоновка объекта выполняется как при отсутствии отладочных данных
sfml-system-s-d.lib(Lock.cpp.obj) : warning LNK4099: "vc140.pdb" PDB не найден с "sfml-system-s-d.lib(Lock.cpp.obj)" или на "c:\users\макс\documents\visual studio 2015\Projects\PrincessPeach\x64\Debug\vc140.pdb"; компоновка объекта выполняется как при отсутствии отладочных данных
sfml-system-s-d.lib(Mutex.cpp.obj) : warning LNK4099: "vc140.pdb" PDB не найден с "sfml-system-s-d.lib(Mutex.cpp.obj)" или на "c:\users\макс\documents\visual studio 2015\Projects\PrincessPeach\x64\Debug\vc140.pdb"; компоновка объекта выполняется как при отсутствии отладочных данных
sfml-system-s-d.lib(Sleep.cpp.obj) : warning LNK4099: "vc140.pdb" PDB не найден с "sfml-system-s-d.lib(Sleep.cpp.obj)" или на "c:\users\макс\documents\visual studio 2015\Projects\PrincessPeach\x64\Debug\vc140.pdb"; компоновка объекта выполняется как при отсутствии отладочных данных
sfml-system-s-d.lib(String.cpp.obj) : warning LNK4099: "vc140.pdb" PDB не найден с "sfml-system-s-d.lib(String.cpp.obj)" или на "c:\users\макс\documents\visual studio 2015\Projects\PrincessPeach\x64\Debug\vc140.pdb"; компоновка объекта выполняется как при отсутствии отладочных данных
sfml-system-s-d.lib(ThreadLocal.cpp.obj) : warning LNK4099: "vc140.pdb" PDB не найден с "sfml-system-s-d.lib(ThreadLocal.cpp.obj)" или на "c:\users\макс\documents\visual studio 2015\Projects\PrincessPeach\x64\Debug\vc140.pdb"; компоновка объекта выполняется как при отсутствии отладочных данных
sfml-system-s-d.lib(Time.cpp.obj) : warning LNK4099: "vc140.pdb" PDB не найден с "sfml-system-s-d.lib(Time.cpp.obj)" или на "c:\users\макс\documents\visual studio 2015\Projects\PrincessPeach\x64\Debug\vc140.pdb"; компоновка объекта выполняется как при отсутствии отладочных данных
sfml-system-s-d.lib(ClockImpl.cpp.obj) : warning LNK4099: "vc140.pdb" PDB не найден с "sfml-system-s-d.lib(ClockImpl.cpp.obj)" или на "c:\users\макс\documents\visual studio 2015\Projects\PrincessPeach\x64\Debug\vc140.pdb"; компоновка объекта выполняется как при отсутствии отладочных данных
sfml-system-s-d.lib(MutexImpl.cpp.obj) : warning LNK4099: "vc140.pdb" PDB не найден с "sfml-system-s-d.lib(MutexImpl.cpp.obj)" или на "c:\users\макс\documents\visual studio 2015\Projects\PrincessPeach\x64\Debug\vc140.pdb"; компоновка объекта выполняется как при отсутствии отладочных данных
sfml-system-s-d.lib(SleepImpl.cpp.obj) : warning LNK4099: "vc140.pdb" PDB не найден с "sfml-system-s-d.lib(SleepImpl.cpp.obj)" или на "c:\users\макс\documents\visual studio 2015\Projects\PrincessPeach\x64\Debug\vc140.pdb"; компоновка объекта выполняется как при отсутствии отладочных данных
sfml-system-s-d.lib(ThreadLocalImpl.cpp.obj) : warning LNK4099: "vc140.pdb" PDB не найден с "sfml-system-s-d.lib(ThreadLocalImpl.cpp.obj)" или на "c:\users\макс\documents\visual studio 2015\Projects\PrincessPeach\x64\Debug\vc140.pdb"; компоновка объекта выполняется как при отсутствии отладочных данных
  PrincessPeach.vcxproj -> c:\users\макс\documents\visual studio 2015\Projects\PrincessPeach\x64\Debug\PrincessPeach.exe
  PrincessPeach.vcxproj -> c:\users\макс\documents\visual studio 2015\Projects\PrincessPeach\x64\Debug\PrincessPeach.pdb (Partial PDB)
